SF:lib\food\core\utils\error_handler.dart
DA:13,5
DA:18,5
DA:20,2
DA:22,1
DA:23,5
DA:24,5
DA:25,5
DA:26,15
DA:28,10
DA:29,5
DA:30,3
DA:31,3
DA:32,8
DA:34,6
DA:35,5
DA:37,5
DA:38,9
DA:40,10
DA:41,5
DA:43,5
DA:44,8
DA:46,10
DA:47,3
DA:49,2
DA:50,4
DA:52,4
DA:55,3
DA:56,4
DA:58,6
DA:63,5
DA:64,5
DA:65,5
DA:67,5
DA:69,5
DA:71,5
DA:73,5
DA:75,4
DA:77,4
DA:79,3
DA:81,3
DA:83,3
DA:85,3
DA:87,3
DA:89,3
DA:92,3
DA:97,1
DA:101,1
DA:104,1
DA:106,1
DA:107,1
DA:109,0
DA:111,2
DA:113,1
DA:114,1
DA:115,1
DA:116,1
DA:117,3
DA:119,3
DA:120,0
DA:121,0
DA:122,0
DA:123,0
DA:125,0
DA:126,0
DA:129,0
DA:130,0
DA:132,0
DA:133,0
DA:135,0
DA:136,0
DA:138,0
DA:139,0
DA:141,0
DA:142,0
DA:144,0
DA:147,0
DA:148,0
DA:150,0
DA:153,1
DA:155,2
DA:157,1
DA:163,0
DA:164,0
DA:166,0
DA:167,0
DA:170,1
DA:174,3
DA:175,3
DA:176,3
DA:178,2
DA:180,2
DA:182,2
DA:184,2
DA:186,2
DA:188,2
DA:190,2
DA:192,2
DA:194,1
DA:196,1
DA:198,1
DA:200,1
DA:202,1
DA:205,1
LF:103
LH:78
end_of_record
SF:lib\food\domain\failures\failures.dart
DA:3,5
DA:7,3
DA:11,5
DA:15,0
DA:19,0
DA:23,3
DA:27,5
DA:31,5
LF:8
LH:6
end_of_record
SF:lib\food\core\services\endpoint_service.dart
DA:11,1
DA:15,2
DA:18,3
DA:19,2
DA:22,2
DA:28,1
DA:33,3
DA:36,2
DA:37,2
DA:40,2
LF:10
LH:10
end_of_record
SF:lib\food\core\utils\logger.dart
DA:16,5
DA:18,15
DA:24,2
DA:26,4
DA:30,5
DA:32,10
DA:36,2
DA:38,4
DA:42,0
DA:44,0
DA:45,0
LF:11
LH:8
end_of_record
SF:lib\food\core\utils\handle_exceptions.dart
DA:6,1
DA:9,1
LF:2
LH:2
end_of_record
